timestep	volume	lx	ly	lz	potential_energy	kinetic_energy	temperature	pressure
0	9261	21	21	21	0	0	0	0
100	9261	21	21	21	-8.505914705	518.8256176	0.5049397738	0.03552205213
200	9261	21	21	21	-52.20316875	705.3461672	0.6864682892	0.04590001008
300	9261	21	21	21	-114.9419598	800.0993088	0.7786854587	0.05147637523
400	9261	21	21	21	-147.1997907	791.5609913	0.7703756607	0.04700448283
500	9261	21	21	21	-176.282943	852.4400281	0.8296253315	0.05742322598
600	9261	21	21	21	-182.9215148	848.2676038	0.8255645779	0.05909217759
700	9261	21	21	21	-195.4226647	849.626199	0.8268868117	0.05413438512
800	9261	21	21	21	-204.2123312	789.0826096	0.7679636103	0.04512666303
900	9261	21	21	21	-208.0480983	799.6399816	0.7782384249	0.04255967184
1000	9261	21	21	21	-210.3654385	783.3056021	0.7623412186	0.04421476031
1100	9261	21	21	21	-221.7870664	805.3383434	0.7837842758	0.0443513883
1200	9261	21	21	21	-215.7740915	838.8007585	0.8163511032	0.05155007393
1300	9261	21	21	21	-229.7622512	839.0680001	0.8166111923	0.04350723426
1400	9261	21	21	21	-233.2588478	832.8554117	0.8105648776	0.04162687673
1500	9261	21	21	21	-231.1928356	818.9456237	0.797027371	0.04843675582
1600	9261	21	21	21	-246.4022294	856.5946094	0.8336687196	0.04492322533
1700	9261	21	21	21	-247.640114	860.9259621	0.8378841481	0.0488714471
1800	9261	21	21	21	-249.7986874	814.1807906	0.7923900639	0.04047091999
1900	9261	21	21	21	-238.053919	836.5963897	0.814205732	0.04739840944
2000	9261	21	21	21	-250.1178983	885.8967797	0.8621866469	0.0571993351
2100	9261	21	21	21	-256.5779981	855.2385237	0.8323489282	0.04960560729
2200	9261	21	21	21	-259.6302938	819.4658405	0.7975336648	0.04386421559
2300	9261	21	21	21	-264.4474702	858.1201694	0.8351534495	0.04598914982
2400	9261	21	21	21	-265.1141021	776.8517988	0.7560601448	0.04271771877
2500	9261	21	21	21	-250.5174895	761.5473437	0.741165298	0.04498485154
2600	9261	21	21	21	-253.3319747	803.371951	0.7818705119	0.04133455315
2700	9261	21	21	21	-249.0873873	770.4822077	0.7498610294	0.04441670166
2800	9261	21	21	21	-246.2958237	812.2916533	0.7905514874	0.04488389891
2900	9261	21	21	21	-232.8659788	815.2473832	0.7934281102	0.05202003325
3000	9261	21	21	21	-237.378144	828.2503127	0.8060830294	0.0445102717
3100	9261	21	21	21	-240.1598593	793.6665561	0.7724248722	0.04206694344
3200	9261	21	21	21	-242.8163107	836.1002183	0.8137228402	0.0446531242
3300	9261	21	21	21	-231.8468695	816.154331	0.7943107844	0.04187938386
3400	9261	21	21	21	-220.6135417	825.6249604	0.803527942	0.05134820979
3500	9261	21	21	21	-237.4498795	797.3260844	0.7759864568	0.04308143952
3600	9261	21	21	21	-234.8562322	778.7288481	0.7578869568	0.03937652046
3700	9261	21	21	21	-243.881021	850.2915424	0.8275343478	0.04575162869
3800	9261	21	21	21	-257.127854	851.9425235	0.8291411421	0.04532054581
3900	9261	21	21	21	-256.5669791	811.0187381	0.7893126405	0.05042500283
4000	9261	21	21	21	-256.498434	834.5734413	0.8122369258	0.05037537929
4100	9261	21	21	21	-255.9149497	858.893308	0.8359058959	0.04482101048
4200	9261	21	21	21	-269.5820454	840.0695484	0.8175859352	0.04922020324
4300	9261	21	21	21	-258.1149353	777.0561025	0.7562589806	0.04345775345
4400	9261	21	21	21	-258.0829375	815.0883385	0.7932733221	0.04295150455
4500	9261	21	21	21	-250.2759827	850.4644328	0.827702611	0.04867321593
4600	9261	21	21	21	-265.8276945	832.6813156	0.810395441	0.04315367852
4700	9261	21	21	21	-269.8563697	814.7777659	0.7929710617	0.0457468221
4800	9261	21	21	21	-262.623175	843.1404447	0.820574642	0.04851701231
4900	9261	21	21	21	-253.7268945	820.9612965	0.7989890963	0.04810709274
5000	9261	21	21	21	-255.7870636	780.3106522	0.7594264255	0.04418643668
5100	9261	21	21	21	-274.7477917	847.2617947	0.8245856883	0.04358989994
5200	9261	21	21	21	-269.5954323	799.3781187	0.7779835705	0.03919077519
5300	9261	21	21	21	-277.3785631	840.8641072	0.8183592285	0.04233184129
5400	9261	21	21	21	-274.6417345	829.9332757	0.8077209495	0.04197596263
5500	9261	21	21	21	-278.6975188	816.5223348	0.794668939	0.03813333497
5600	9261	21	21	21	-293.6738065	837.8280645	0.8154044423	0.04357610064
5700	9261	21	21	21	-311.3020748	822.811654	0.8007899309	0.04228462154
5800	9261	21	21	21	-314.2348236	837.9226842	0.8154965296	0.04712126355
5900	9261	21	21	21	-296.6791302	791.9694263	0.7707731643	0.04247410181
6000	9261	21	21	21	-307.7371636	797.0319487	0.7757001934	0.03714697736
6100	9261	21	21	21	-316.3036911	858.8659235	0.8358792442	0.04534377387
6200	9261	21	21	21	-309.306992	844.8318313	0.8222207604	0.04901450935
6300	9261	21	21	21	-296.2858575	809.0175248	0.7873649877	0.04563216643
6400	9261	21	21	21	-290.380861	798.0453696	0.7766864911	0.04063049823
6500	9261	21	21	21	-294.3095871	830.2248407	0.8080047112	0.04362578002
6600	9261	21	21	21	-271.248584	777.6545934	0.7568414534	0.04426973663
6700	9261	21	21	21	-282.3876078	779.5910662	0.7587260985	0.04389531759
6800	9261	21	21	21	-275.7190468	814.5368054	0.7927365503	0.0464861693
6900	9261	21	21	21	-281.2276338	820.3466649	0.7983909148	0.0491506105
7000	9261	21	21	21	-293.2697887	816.3812228	0.7945316037	0.04838730916
7100	9261	21	21	21	-275.576039	835.9608446	0.8135871967	0.04463750382
7200	9261	21	21	21	-287.3357288	805.9380997	0.7843679802	0.04300645636
7300	9261	21	21	21	-295.2299465	845.0482849	0.8224314209	0.04761610731
7400	9261	21	21	21	-283.5898192	865.2640478	0.8421061292	0.0525400819
7500	9261	21	21	21	-276.0638387	810.5493542	0.7888558192	0.03735542529
7600	9261	21	21	21	-272.0735225	841.8301395	0.8192994058	0.04624592739
7700	9261	21	21	21	-280.9767285	839.2294639	0.8167683347	0.04293608739
7800	9261	21	21	21	-284.6903947	830.7976781	0.8085622171	0.04148314714
7900	9261	21	21	21	-263.8488683	818.8829191	0.7969663446	0.03868212001
8000	9261	21	21	21	-262.237169	852.0547658	0.8292503803	0.04935458125
8100	9261	21	21	21	-258.3403508	847.8582625	0.8251661922	0.04810221814
8200	9261	21	21	21	-252.7038182	804.9278768	0.783384795	0.0506731962
8300	9261	21	21	21	-264.8223261	849.0224646	0.8262992356	0.0410136346
8400	9261	21	21	21	-250.2304209	891.2346199	0.8673816252	0.05954909314
8500	9261	21	21	21	-244.9799438	796.8515946	0.7755246663	0.03805372369
8600	9261	21	21	21	-247.740952	806.3462308	0.7847651881	0.04753245805
8700	9261	21	21	21	-253.8214555	806.4319049	0.7848485692	0.04665446444
8800	9261	21	21	21	-268.7886244	822.5577983	0.8005428694	0.04085482789
8900	9261	21	21	21	-262.068452	796.4767388	0.7751598431	0.04332473049
9000	9261	21	21	21	-260.9062632	817.9658299	0.7960738004	0.04156975732
9100	9261	21	21	21	-266.1677414	822.8060978	0.8007845234	0.04212472527
9200	9261	21	21	21	-271.8099682	803.1351051	0.781640005	0.04156934931
9300	9261	21	21	21	-274.0878138	837.7061015	0.8152857435	0.04521898095
9400	9261	21	21	21	-265.2832493	841.9709609	0.8194364583	0.051585812
9500	9261	21	21	21	-257.1590482	823.95373	0.8019014404	0.04557480986
9600	9261	21	21	21	-256.5863001	836.8451764	0.8144478602	0.05297916048
9700	9261	21	21	21	-258.6924809	833.8167477	0.8115004843	0.05105068595
9800	9261	21	21	21	-268.6742185	819.4937211	0.7975607991	0.0418966722
9900	9261	21	21	21	-275.2324763	834.4255323	0.8120929754	0.04037605367
