timestep	volume	lx	ly	lz	potential_energy	kinetic_energy	temperature	pressure
2000	11645.05778	22.66629565	22.66629565	22.66629565	0	2525.784516	0.8423493466	0.1445983675
2100	9007.327344	20.8064817	20.8064817	20.8064817	-1952.643879	2835.428744	0.9456157225	0.1642110421
2200	5240.740619	17.36990948	17.36990948	17.36990948	-2857.086656	4272.894283	1.4250106	0.6326925993
2300	2961.716715	14.36088393	14.36088393	14.36088393	-3931.005115	7263.083761	2.42223904	3.562860003
2400	2432.868196	13.44950169	13.44950169	13.44950169	-4762.228099	7605.358412	2.536387664	5.00632026
2500	3116.46186	14.60676152	14.60676152	14.60676152	-4596.576164	3687.445542	1.229763396	0.5252000431
2600	3936.909	15.79010891	15.79010891	15.79010891	-3977.366599	1885.633622	0.6288589702	-0.2977155599
2700	4026.100832	15.90846277	15.90846277	15.90846277	-4260.561867	1442.070972	0.4809307894	-0.2597756931
2800	3317.640111	14.91453638	14.91453638	14.91453638	-5308.7051	1638.089913	0.5463031224	-0.01862449914
2900	2403.755021	13.39563796	13.39563796	13.39563796	-6644.891174	2421.756458	0.8076559806	1.161073896
3000	1863.28325	12.30532136	12.30532136	12.30532136	-7667.863192	3378.068553	1.126586144	4.219179894
3100	1916.614001	12.42161941	12.42161941	12.42161941	-8051.793325	2360.783336	0.7873214394	1.269672184
3200	2095.831024	12.7973119	12.7973119	12.7973119	-7882.764269	1400.443706	0.4670480926	-0.9759229678
3300	1925.323094	12.4404056	12.4404056	12.4404056	-8568.33947	1338.273667	0.4463143795	-0.2524400037
3400	1635.861165	11.78280836	11.78280836	11.78280836	-9380.924652	1824.447906	0.6084535288	3.887425133
3500	1691.914818	11.9158812	11.9158812	11.9158812	-9706.909077	1412.685034	0.4711305767	0.8920526056
3600	1793.705467	12.15020794	12.15020794	12.15020794	-9657.96078	985.303771	0.3285988898	-1.42579305
3700	1618.975612	11.74212688	11.74212688	11.74212688	-10200.99179	1109.957111	0.370170789	1.569140522
3800	1549.831091	11.57252488	11.57252488	11.57252488	-10440.76639	1127.109073	0.3758909698	2.983578947
3900	1684.826663	11.89921767	11.89921767	11.89921767	-10412.83046	796.7919288	0.2657301747	-1.210820702
4000	1606.225432	11.71122072	11.71122072	11.71122072	-10677.40547	806.8772842	0.2690936416	0.3571212848
4100	1505.081512	11.46005425	11.46005425	11.46005425	-10805.93448	895.833525	0.2987605553	3.513581731
4200	1622.011751	11.74946248	11.74946248	11.74946248	-10803.68548	674.8203021	0.225052627	-0.7590078538
4300	1591.137185	11.6744351	11.6744351	11.6744351	-10934.21068	690.0329911	0.2301260601	0.01251671577
4400	1493.695204	11.4310817	11.4310817	11.4310817	-11037.23107	827.4284258	0.275947449	3.244581468
4500	1594.244558	11.68202992	11.68202992	11.68202992	-10997.70602	659.455699	0.2199285306	-0.452572947
4600	1589.676013	11.67086038	11.67086038	11.67086038	-11004.56553	653.1997879	0.2178421837	-0.1861722968
4700	1497.423552	11.44058468	11.44058468	11.44058468	-11067.17472	811.6486352	0.2706848875	3.032270373
4800	1583.225929	11.65505421	11.65505421	11.65505421	-11008.64261	719.3228167	0.2398942193	-0.07025490155
4900	1599.157676	11.69401812	11.69401812	11.69401812	-10940.24187	729.8265783	0.2433972247	-0.2466071764
5000	1517.46491	11.49139851	11.49139851	11.49139851	-10988.51036	946.5714361	0.3156816529	2.60984268
5100	1589.38862	11.67015703	11.67015703	11.67015703	-10845.83427	885.8519474	0.2954316983	0.3472879486
5200	1629.659271	11.76789913	11.76789913	11.76789913	-10692.33607	930.7618236	0.3104091458	-0.2978290047
5300	1562.065886	11.60289733	11.60289733	11.60289733	-10649.68899	1167.989658	0.3895246482	2.255593838
5400	1618.184916	11.74021498	11.74021498	11.74021498	-10433.07561	1211.890702	0.40416565	0.9406174532
5500	1695.049893	11.9232366	11.9232366	11.9232366	-10125.65128	1275.165093	0.4252676647	-0.07840925571
5600	1670.213215	11.86471485	11.86471485	11.86471485	-9996.150505	1598.037334	0.5329455842	1.2267193
5700	1695.623949	11.92458245	11.92458245	11.92458245	-9727.530918	1871.597947	0.6241780713	1.420274194
5800	1817.794318	12.2043573	12.2043573	12.2043573	-9128.893277	1834.232648	0.6117167412	0.3982092447
5900	1899.676611	12.38492056	12.38492056	12.38492056	-8638.498333	2022.859363	0.6746237662	0.5167873467
6000	1932.671796	12.4562133	12.4562133	12.4562133	-8301.036855	2492.874228	0.8313737629	1.038599399
6100	2022.93672	12.64719164	12.64719164	12.64719164	-7685.245509	2758.992018	0.9201240679	1.409364944
6200	2216.745556	13.03882977	13.03882977	13.03882977	-7051.636138	3018.896922	1.006802375	0.7819867823
6300	2441.82922	13.46599438	13.46599438	13.46599438	-6295.649506	3202.554043	1.06805204	0.6935400597
6400	2652.645823	13.84287899	13.84287899	13.84287899	-5750.125127	3658.584798	1.220138335	0.6519539791
6500	2845.69259	14.17085304	14.17085304	14.17085304	-5136.46011	4054.579381	1.352202562	1.068704561
6600	3117.576173	14.60850223	14.60850223	14.60850223	-4658.432429	4441.255237	1.481158992	0.9437950703
6700	3490.367403	15.16900338	15.16900338	15.16900338	-4160.614794	4611.879503	1.538062199	0.7171995568
6800	3897.541291	15.73730064	15.73730064	15.73730064	-3634.619018	4555.154242	1.519144319	0.7807055246
6900	4252.197376	16.20085015	16.20085015	16.20085015	-3384.627785	4602.824381	1.535042315	0.6283222133
7000	4469.701703	16.47249989	16.47249989	16.47249989	-3247.399369	4608.017843	1.536774335	0.660734757
7100	4517.472044	16.53097584	16.53097584	16.53097584	-3191.421902	4554.442932	1.518907097	0.6998507001
7200	4410.402981	16.39932947	16.39932947	16.39932947	-3254.476678	4481.261793	1.494501182	0.6097471729
7300	4156.004662	16.07775262	16.07775262	16.07775262	-3475.707463	4448.230252	1.48348516	0.7054176164
7400	3836.422099	15.65460551	15.65460551	15.65460551	-3757.662626	4332.597825	1.444921736	0.7293892837
7500	3508.029715	15.19454692	15.19454692	15.19454692	-4103.068148	4125.400162	1.375821298	0.7583579687
7600	3186.846934	14.71590814	14.71590814	14.71590814	-4547.199334	3897.890674	1.299946865	0.8602268784
7700	2917.075303	14.28836536	14.28836536	14.28836536	-5062.655478	3653.042385	1.21828994	0.8208885055
7800	2694.698444	13.91564659	13.91564659	13.91564659	-5506.1393	3257.894711	1.086508158	0.8025255595
7900	2485.596737	13.54597355	13.54597355	13.54597355	-6044.17706	2970.42346	0.9906364715	0.7816640746
8000	2283.404831	13.16823713	13.16823713	13.16823713	-6674.095695	2795.072143	0.9321567926	0.9557239834
8100	2131.277791	12.86905587	12.86905587	12.86905587	-7224.956891	2586.554814	0.8626162461	1.024295431
8200	2034.00645	12.67021862	12.67021862	12.67021862	-7701.054902	2309.377397	0.7701775545	0.8606066467
8300	1954.991258	12.50398008	12.50398008	12.50398008	-8159.875427	2088.815989	0.6966203066	0.6480728227
8400	1874.423674	12.32979683	12.32979683	12.32979683	-8597.072746	1927.918821	0.6429610876	0.7816975418
8500	1805.885729	12.17764816	12.17764816	12.17764816	-8947.626339	1746.821148	0.5825649985	0.9637742412
8600	1759.579591	12.07266006	12.07266006	12.07266006	-9283.376125	1604.935573	0.5352461476	0.870698349
8700	1725.974319	11.99530909	11.99530909	11.99530909	-9600.072106	1506.080257	0.5022778911	0.7514673051
8800	1697.855624	11.92981162	11.92981162	11.92981162	-9815.671095	1367.020723	0.455901525	0.7617744417
8900	1672.598772	11.87036094	11.87036094	11.87036094	-9992.707066	1247.924477	0.416182917	0.8408057379
9000	1645.947414	11.80697523	11.80697523	11.80697523	-10208.68243	1217.447051	0.4060186929	0.8528120543
9100	1628.413179	11.76489899	11.76489899	11.76489899	-10351.35022	1155.610942	0.3853963455	0.8894661688
9200	1625.459837	11.75778229	11.75778229	11.75778229	-10464.14297	1097.645287	0.3660647948	0.6153954564
9300	1613.138638	11.7279984	11.7279984	11.7279984	-10529.99764	1039.666815	0.3467289695	0.8223870772
9400	1607.016202	11.71314227	11.71314227	11.71314227	-10621.63106	1040.490167	0.3470035575	0.7598672511
9500	1605.36268	11.70912352	11.70912352	11.70912352	-10659.8371	1019.763093	0.3400910766	0.7244979985
9600	1601.460346	11.69962827	11.69962827	11.69962827	-10672.6245	1006.408952	0.3356374695	0.776719171
9700	1600.808593	11.6980409	11.6980409	11.6980409	-10679.95203	1019.635645	0.3400485725	0.8255231074
9800	1605.234555	11.70881201	11.70881201	11.70881201	-10645.42423	1019.563418	0.3400244849	0.8598700122
9900	1611.047321	11.72292804	11.72292804	11.72292804	-10632.98711	1077.730223	0.3594231192	0.7013035769
10000	1611.348057	11.72365744	11.72365744	11.72365744	-10587.80509	1142.129663	0.3809003378	0.9557643143
10100	1627.873326	11.76359875	11.76359875	11.76359875	-10504.04646	1198.414462	0.399671323	0.7209584699
10200	1641.53268	11.79640961	11.79640961	11.79640961	-10349.88238	1229.60245	0.4100725196	0.8256648421
10300	1652.845719	11.82344691	11.82344691	11.82344691	-10240.5442	1351.794165	0.4508234666	0.940115154
10400	1679.156562	11.88585416	11.88585416	11.88585416	-10041.22576	1427.840425	0.4761849009	0.8774812652
10500	1708.895432	11.95561248	11.95561248	11.95561248	-9849.519196	1566.922124	0.5225686589	0.8053364765
10600	1739.398037	12.02632654	12.02632654	12.02632654	-9601.37692	1710.528026	0.5704612394	0.8825932673
10700	1784.170787	12.128641	12.128641	12.128641	-9282.397919	1834.053974	0.6116571534	0.9220210353
10800	1838.846905	12.25129106	12.25129106	12.25129106	-8958.788864	2016.879395	0.6726294465	0.8809490077
10900	1904.153877	12.39464275	12.39464275	12.39464275	-8563.002518	2187.202507	0.7294322185	0.9002057809
11000	1976.252686	12.54914559	12.54914559	12.54914559	-8136.529776	2391.194497	0.7974635641	0.9906913433
11100	2073.919808	12.75255837	12.75255837	12.75255837	-7695.304706	2611.903794	0.8710701331	0.9846692567
11200	2192.798944	12.99170861	12.99170861	12.99170861	-7214.79457	2840.943845	0.9474550091	0.8525925852
11300	2319.978966	13.23817189	13.23817189	13.23817189	-6716.117466	3066.056143	1.022529979	0.8288012651
11400	2455.881827	13.49177703	13.49177703	13.49177703	-6255.222514	3346.331445	1.116001816	0.7104075116
11500	2589.900814	13.73286162	13.73286162	13.73286162	-5865.30925	3688.516342	1.230120508	0.8787924981
11600	2758.902039	14.02529786	14.02529786	14.02529786	-5433.512601	3904.115064	1.302022699	0.9384784239
11700	2979.173331	14.38904345	14.38904345	14.38904345	-4955.556831	3937.940275	1.31330341	0.8710267827
11800	3197.017471	14.73154635	14.73154635	14.73154635	-4618.323504	4006.477375	1.336160539	0.7471117183
11900	3375.19022	15.0002818	15.0002818	15.0002818	-4382.815157	4047.194724	1.349739778	0.6219785542
12000	3476.963681	15.14956111	15.14956111	15.14956111	-4192.560222	4031.728216	1.344581696	0.7200272651
12100	3497.840003	15.17982087	15.17982087	15.17982087	-4195.0885	4099.649773	1.367233541	0.68141851
12200	3441.841448	15.09837775	15.09837775	15.09837775	-4248.657257	4102.582873	1.36821173	0.7071785509
12300	3334.497024	14.93975394	14.93975394	14.93975394	-4390.291034	4072.904166	1.358313879	0.7679769924
12400	3216.43322	14.76130815	14.76130815	14.76130815	-4613.361484	3980.823409	1.327604939	0.786673563
12500	3101.588033	14.58348673	14.58348673	14.58348673	-4761.899912	3694.871521	1.23223996	0.6531537841
12600	2947.884832	14.33849285	14.33849285	14.33849285	-5034.175995	3471.742751	1.157826497	0.6542953089
12700	2752.416238	14.01429872	14.01429872	14.01429872	-5488.209657	3387.956845	1.12988389	0.648759935
12800	2545.200955	13.65339619	13.65339619	13.65339619	-5831.024838	3179.141046	1.060243804	1.017994481
12900	2378.987692	13.34947127	13.34947127	13.34947127	-6336.142766	3081.536032	1.027692524	0.9727159143
13000	2263.77124	13.13038658	13.13038658	13.13038658	-6772.804801	2872.251125	0.9578959896	0.7436127668
13100	2163.784818	12.93415387	12.93415387	12.93415387	-7161.989313	2626.28794	0.875867247	0.6858356764
13200	2063.748555	12.73167647	12.73167647	12.73167647	-7533.491111	2405.129053	0.8021107398	0.9176162817
13300	1978.606578	12.55412599	12.55412599	12.55412599	-7947.501288	2251.359612	0.7508286183	0.9334680614
13400	1918.300891	12.4252626	12.4252626	12.4252626	-8265.609573	2051.788275	0.6842715609	0.988943439
13500	1878.456849	12.33863378	12.33863378	12.33863378	-8605.310517	1914.509465	0.6384890662	0.6009465585
13600	1822.74828	12.21543393	12.21543393	12.21543393	-8864.105759	1760.996761	0.5872925665	0.8695234842
13700	1773.479491	12.10436627	12.10436627	12.10436627	-9166.851502	1698.894481	0.5665814509	1.036135285
13800	1755.686838	12.06375062	12.06375062	12.06375062	-9367.766267	1570.659918	0.5238152137	0.738833748
13900	1735.087387	12.01638361	12.01638361	12.01638361	-9541.864898	1463.103008	0.4879449752	0.693055201
14000	1700.845948	11.93681125	11.93681125	11.93681125	-9782.14352	1474.965238	0.4919010298	0.8638597571
14100	1681.336818	11.89099622	11.89099622	11.89099622	-9871.052712	1367.767146	0.4561504573	1.041344213
14200	1683.166585	11.89530824	11.89530824	11.89530824	-9928.547024	1260.448977	0.420359839	0.7741308258
14300	1670.523936	11.86545057	11.86545057	11.86545057	-10076.21517	1284.541757	0.4283947831	0.700110525
14400	1647.61253	11.81095538	11.81095538	11.81095538	-10140.43412	1269.965693	0.4235336645	1.233022195
14500	1658.846246	11.83773767	11.83773767	11.83773767	-10196.29026	1259.614043	0.4200813885	0.6850966964
14600	1659.414991	11.83909039	11.83909039	11.83909039	-10200.32513	1238.763234	0.4131276418	0.6160768572
14700	1640.718497	11.79445899	11.79445899	11.79445899	-10229.20672	1284.973952	0.4285389201	1.101173035
14800	1650.08058	11.81684986	11.81684986	11.81684986	-10213.28305	1308.288372	0.4363142811	0.8407103357
14900	1668.014778	11.85950688	11.85950688	11.85950688	-10182.04277	1343.22936	0.4479671037	0.5376853194
15000	1665.779971	11.85420805	11.85420805	11.85420805	-10122.93196	1397.001209	0.4659000196	0.8027493184
15100	1669.013399	11.86187312	11.86187312	11.86187312	-10050.36252	1472.634413	0.4911236996	0.99396425
15200	1701.850252	11.93916024	11.93916024	11.93916024	-9884.595844	1475.702212	0.4921468108	0.7124046981
15300	1722.609576	11.98750917	11.98750917	11.98750917	-9741.656341	1551.186127	0.5173207025	0.7374815129
15400	1725.802905	11.99491197	11.99491197	11.99491197	-9663.316323	1746.200918	0.5823581518	0.915149699
15500	1758.782898	12.07083772	12.07083772	12.07083772	-9427.827181	1807.226373	0.6027101459	0.9613426297
15600	1819.553553	12.2082931	12.2082931	12.2082931	-9136.785932	1849.272935	0.6167326779	0.518176616
15700	1849.946186	12.27589123	12.27589123	12.27589123	-8922.988957	2027.507992	0.6761740842	0.7257267166
15800	1877.90201	12.33741884	12.33741884	12.33741884	-8646.073075	2189.395668	0.7301636379	1.033360112
15900	1941.634519	12.47543875	12.47543875	12.47543875	-8342.707382	2357.181339	0.786120173	0.8943134668
16000	2017.191165	12.63520674	12.63520674	12.63520674	-7957.02745	2478.880976	0.8267070123	0.9291170567
16100	2103.809962	12.81353135	12.81353135	12.81353135	-7595.174478	2632.103111	0.8778066069	0.8609676598
16200	2195.307762	12.9966614	12.9966614	12.9966614	-7257.613658	2840.056644	0.9471591276	0.6412444718
16300	2270.241119	13.14288361	13.14288361	13.14288361	-6915.255125	3058.270099	1.019933333	0.6965559401
16400	2357.561474	13.30927326	13.30927326	13.30927326	-6579.993351	3263.006133	1.088212818	0.9026024164
16500	2480.373823	13.53647898	13.53647898	13.53647898	-6207.728006	3382.965683	1.128219337	0.8856740137
16600	2626.123063	13.79658787	13.79658787	13.79658787	-5829.610211	3431.235382	1.144317286	0.6088495768
16700	2736.360994	13.98699642	13.98699642	13.98699642	-5573.388604	3557.022027	1.186267143	0.6932689848
16800	2804.089755	14.10145644	14.10145644	14.10145644	-5384.064727	3691.035128	1.230960523	0.7589236711
16900	2857.291076	14.19007949	14.19007949	14.19007949	-5230.791641	3768.18371	1.256689581	0.8320124009
17000	2918.516961	14.29071881	14.29071881	14.29071881	-5067.513599	3713.979607	1.238612509	0.7763270945
17100	2961.332558	14.360263	14.360263	14.360263	-5065.231774	3714.453185	1.238770447	0.7453069103
17200	2980.033474	14.39042811	14.39042811	14.39042811	-5012.804271	3572.592319	1.191459836	0.6880487069
17300	2937.45345	14.32156014	14.32156014	14.32156014	-5150.608084	3560.888163	1.187556499	0.6571014118
17400	2841.17553	14.16335112	14.16335112	14.16335112	-5294.17548	3498.60628	1.166785486	0.8091232076
17500	2731.984273	13.97953519	13.97953519	13.97953519	-5515.36969	3438.227468	1.146649147	0.6986701648
17600	2606.041742	13.76133147	13.76133147	13.76133147	-5758.422609	3337.320829	1.112996775	0.8776949112
17700	2496.037028	13.56491285	13.56491285	13.56491285	-6069.963604	3242.226717	1.08128288	0.8240016829
17800	2409.646084	13.40657226	13.40657226	13.40657226	-6341.76982	3050.888392	1.017471533	0.7718724932
17900	2333.55944	13.26395244	13.26395244	13.26395244	-6598.221846	2825.117518	0.9421769278	0.6571596112
18000	2231.006	13.06672986	13.06672986	13.06672986	-6947.274356	2702.431059	0.9012609836	0.7459335122
18100	2126.871551	12.86018119	12.86018119	12.86018119	-7282.02468	2571.83095	0.8577058361	0.9232534377
18200	2048.838626	12.70094156	12.70094156	12.70094156	-7664.448617	2497.79832	0.833015948	0.868655947
18300	2004.29133	12.60821529	12.60821529	12.60821529	-7907.318049	2282.722145	0.7612880258	0.7803392729
18400	1958.248965	12.51092158	12.51092158	12.51092158	-8172.479782	2120.214048	0.7070915618	0.6918974846
18500	1897.507825	12.38020564	12.38020564	12.38020564	-8451.234514	2027.858666	0.6762910341	0.9372965854
18600	1856.902725	12.29125941	12.29125941	12.29125941	-8703.313686	1932.071653	0.6443460575	0.9162302106
18700	1831.718044	12.23543858	12.23543858	12.23543858	-8923.018991	1831.026692	0.6106475544	0.7320918783
18800	1803.216359	12.17164507	12.17164507	12.17164507	-9130.788709	1761.509446	0.5874635471	0.7133138855
18900	1777.124486	12.11265322	12.11265322	12.11265322	-9306.231641	1695.920975	0.5655897865	0.7427222258
19000	1750.091648	12.05092168	12.05092168	12.05092168	-9445.771356	1627.924431	0.5429129333	0.8460333573
19100	1731.096509	12.00716357	12.00716357	12.00716357	-9571.833957	1580.97886	0.5272565816	0.9566308103
19200	1729.405565	12.00325274	12.00325274	12.00325274	-9653.235139	1512.781893	0.5045128873	0.7786649638
19300	1720.48331	11.98257496	11.98257496	11.98257496	-9745.377342	1493.805464	0.4981842467	0.7328182735
19400	1701.640799	11.93867042	11.93867042	11.93867042	-9826.179725	1503.539491	0.5014305457	0.8904045664
19500	1700.535426	11.93608477	11.93608477	11.93608477	-9878.983484	1503.736577	0.5014962737	0.8195872193
19600	1709.040634	11.95595108	11.95595108	11.95595108	-9867.305596	1469.015163	0.4899166792	0.6989728365
19700	1704.517989	11.9453954	11.9453954	11.9453954	-9891.489391	1506.240438	0.5023313117	0.7389793232
19800	1700.079392	11.93501771	11.93501771	11.93501771	-9858.537591	1519.910868	0.5068904011	1.070587214
19900	1715.507374	11.97101192	11.97101192	11.97101192	-9808.744849	1536.380952	0.5123831756	0.7359182882
20000	1724.805685	11.99260119	11.99260119	11.99260119	-9733.944734	1566.443955	0.5224091895	0.7851842973
20100	1730.071243	12.00479263	12.00479263	12.00479263	-9669.685322	1637.945318	0.5462549001	0.9752113685
20200	1749.634825	12.04987305	12.04987305	12.04987305	-9580.923447	1715.72337	0.5721938871	0.7218698849
20300	1769.153853	12.09451714	12.09451714	12.09451714	-9410.945043	1744.157481	0.5816766652	0.8900358934
20400	1795.578788	12.15443631	12.15443631	12.15443631	-9273.600982	1836.318214	0.6124122775	0.7749820703
20500	1819.835334	12.20892327	12.20892327	12.20892327	-9059.896178	1889.668198	0.6302045015	1.009523032
20600	1854.298296	12.28551028	12.28551028	12.28551028	-8905.231457	2032.411915	0.6778095432	0.7902141338
20700	1890.68067	12.36533997	12.36533997	12.36533997	-8677.47131	2134.338658	0.7118021204	0.7438752955
20800	1927.456242	12.44499832	12.44499832	12.44499832	-8463.22643	2285.451737	0.7621983449	0.7700424721
20900	1970.995958	12.53800902	12.53800902	12.53800902	-8216.327369	2423.426462	0.8082129272	0.9410120331
21000	2039.063165	12.68070968	12.68070968	12.68070968	-7946.990793	2547.424156	0.8495661683	0.7562678068
21100	2105.805402	12.81758123	12.81758123	12.81758123	-7579.754198	2594.717549	0.865338519	0.8708286697
21200	2161.474295	12.92954846	12.92954846	12.92954846	-7377.478883	2816.15703	0.9391886044	0.8709987397
21300	2229.968646	13.06470433	13.06470433	13.06470433	-7078.98049	2927.820584	0.9764284087	0.7251964385
21400	2293.442563	13.18750456	13.18750456	13.18750456	-6841.323983	3087.899666	1.029814796	0.8542239898
21500	2369.204405	13.33114679	13.33114679	13.33114679	-6506.249747	3106.300423	1.03595145	0.9406350804
21600	2451.330857	13.48343805	13.48343805	13.48343805	-6382.177942	3288.922416	1.0968559	0.6995332188
21700	2537.340308	13.63932589	13.63932589	13.63932589	-6068.695104	3222.624668	1.074745595	0.8617378372
21800	2611.896427	13.77162908	13.77162908	13.77162908	-5910.007917	3255.627486	1.085752038	0.7142271743
21900	2642.513778	13.82523175	13.82523175	13.82523175	-5794.698402	3296.611257	1.099420129	0.6711328883
22000	2625.969999	13.79631982	13.79631982	13.79631982	-5745.064309	3359.741712	1.120474141	0.8322631324
22100	2603.012675	13.75599769	13.75599769	13.75599769	-5865.331322	3522.012045	1.174591311	0.8429905736
22200	2595.268058	13.74234162	13.74234162	13.74234162	-5811.153872	3412.251408	1.137986129	0.8978848355
22300	2597.504397	13.74628774	13.74628774	13.74628774	-5821.508874	3281.051655	1.094231001	0.8531308854
22400	2587.770315	13.72909496	13.72909496	13.72909496	-5911.670032	3171.821784	1.057802829	0.6375951254
22500	2523.634286	13.61472289	13.61472289	13.61472289	-6050.419477	3088.718421	1.030087851	0.7335488227
22600	2440.229387	13.46305286	13.46305286	13.46305286	-6270.67799	3062.23398	1.021255288	0.7728732204
22700	2358.499352	13.31103791	13.31103791	13.31103791	-6498.328125	2997.442021	0.9996471639	0.7971966629
22800	2277.542613	13.15695847	13.15695847	13.15695847	-6798.337085	2969.14262	0.9902093114	0.6921485585
22900	2208.744516	13.02312357	13.02312357	13.02312357	-6991.9819	2812.789945	0.9380656813	0.87425871
23000	2163.082909	12.93275515	12.93275515	12.93275515	-7252.540205	2696.678835	0.8993426164	0.7391077728
23100	2122.148295	12.85065437	12.85065437	12.85065437	-7421.135794	2489.131391	0.8301255266	0.7361778138
23200	2071.320891	12.74722921	12.74722921	12.74722921	-7660.16871	2369.824108	0.7903365377	0.7589930362
23300	2010.855788	12.62196511	12.62196511	12.62196511	-7945.415537	2322.012618	0.7743914018	0.7871027757
23400	1955.566063	12.50520543	12.50520543	12.50520543	-8191.990803	2247.984174	0.7497029093	0.8370783899
23500	1910.225506	12.40780272	12.40780272	12.40780272	-8429.323455	2176.202125	0.7257635903	0.9213652185
23600	1887.449521	12.35829189	12.35829189	12.35829189	-8593.398347	2047.576941	0.6828670805	0.8480937739
23700	1873.15881	12.32702281	12.32702281	12.32702281	-8753.903654	1939.456745	0.6468089863	0.6587524658
23800	1840.736365	12.25548579	12.25548579	12.25548579	-8895.701816	1846.797533	0.6159071313	0.8486529481
23900	1804.252126	12.17397508	12.17397508	12.17397508	-9127.850109	1887.38949	0.6294445524	0.994441438
24000	1800.777882	12.16615605	12.16615605	12.16615605	-9215.560617	1789.056466	0.5966504807	0.7380863055
24100	1796.224375	12.15589281	12.15589281	12.15589281	-9253.708897	1673.666965	0.5581680725	0.710142214
24200	1770.193074	12.09688483	12.09688483	12.09688483	-9407.005205	1714.055181	0.5716375457	0.9047163637
24300	1760.101309	12.07385313	12.07385313	12.07385313	-9530.537095	1744.213792	0.581695445	0.7755087186
24400	1764.533824	12.08397995	12.08397995	12.08397995	-9504.495927	1648.660836	0.5498285263	0.7380601152
24500	1762.048619	12.07830417	12.07830417	12.07830417	-9508.820341	1615.016436	0.538608116	0.7842638426
24600	1750.955424	12.05290398	12.05290398	12.05290398	-9576.719974	1677.533914	0.5594577001	0.854525807
24700	1749.519813	12.04960901	12.04960901	12.04960901	-9609.171399	1726.806278	0.5758900377	0.8582308819
24800	1767.433647	12.0905959	12.0905959	12.0905959	-9549.299985	1701.958303	0.567603236	0.6426947302
24900	1773.796738	12.10508799	12.10508799	12.10508799	-9529.745315	1752.195754	0.58435743	0.5959285451
25000	1767.192069	12.09004502	12.09004502	12.09004502	-9496.525841	1824.175045	0.6083625296	0.9804821673
25100	1789.077558	12.13974943	12.13974943	12.13974943	-9358.056823	1800.378783	0.6004264742	0.9301852327
25200	1821.598598	12.21286513	12.21286513	12.21286513	-9277.093704	1861.845323	0.6209255705	0.4793991669
25300	1823.013674	12.21602676	12.21602676	12.21602676	-9138.585368	1908.441275	0.6364653244	0.9319596002
25400	1834.865971	12.2424437	12.2424437	12.2424437	-9077.113896	2053.462683	0.6848299759	1.059046126
25500	1878.748276	12.33927183	12.33927183	12.33927183	-8897.857964	2091.330362	0.6974588501	0.6543436687
25600	1908.497556	12.40406032	12.40406032	12.40406032	-8673.629521	2114.935981	0.7053313259	0.8189274919
25700	1928.028254	12.4462293	12.4462293	12.4462293	-8495.418494	2210.513108	0.7372063058	0.9578426389
25800	1962.499744	12.51996754	12.51996754	12.51996754	-8341.909895	2340.23698	0.7804692279	0.8754544735
25900	2009.086216	12.61826154	12.61826154	12.61826154	-8159.005474	2452.698366	0.8179751094	0.7924811936
26000	2053.986792	12.71157065	12.71157065	12.71157065	-7931.842858	2529.228826	0.8434980244	0.7659378593
26100	2095.478842	12.79659505	12.79659505	12.79659505	-7712.347434	2621.816433	0.8743759991	0.8042755792
26200	2137.912691	12.8823963	12.8823963	12.8823963	-7517.931696	2738.941448	0.9134372011	0.8106906185
26300	2184.790563	12.97587352	12.97587352	12.97587352	-7368.325311	2888.691981	0.9633790164	0.7400143263
26400	2239.700608	13.08368228	13.08368228	13.08368228	-7111.310638	2904.321438	0.9685914417	0.7573330889
26500	2287.376122	13.17586676	13.17586676	13.17586676	-6887.72895	2930.99346	0.9774865633	0.8607983889
26600	2326.699977	13.25094329	13.25094329	13.25094329	-6747.732379	3011.558672	1.004355068	0.7878841215
26700	2350.321191	13.29563463	13.29563463	13.29563463	-6636.338404	3089.457301	1.030334268	0.8600364859
26800	2380.066604	13.35148904	13.35148904	13.35148904	-6547.374996	3137.397447	1.04632231	0.7732977582
26900	2416.227624	13.4187671	13.4187671	13.4187671	-6480.444457	3152.392816	1.051323267	0.7360619445
27000	2441.665426	13.46569328	13.46569328	13.46569328	-6440.079592	3147.158563	1.049577643	0.6958099907
27100	2444.112109	13.47018957	13.47018957	13.47018957	-6394.706763	3098.666564	1.033405557	0.6675938845
27200	2412.192778	13.41129362	13.41129362	13.41129362	-6422.885587	3095.804508	1.032451062	0.7993421212
27300	2369.79818	13.33226039	13.33226039	13.33226039	-6631.010339	3229.216506	1.076943974	0.7360109549
27400	2344.343918	13.28435403	13.28435403	13.28435403	-6657.758627	3117.35874	1.0396394	0.8166053076
27500	2336.596083	13.26970337	13.26970337	13.26970337	-6705.274946	2970.440047	0.9906420035	0.7982133947
27600	2320.520521	13.23920187	13.23920187	13.23920187	-6780.861045	2826.394953	0.9426029526	0.584255996
27700	2261.662391	13.12630805	13.12630805	13.12630805	-6950.718446	2773.155886	0.9248477192	0.7072571931
27800	2189.388259	12.98496933	12.98496933	12.98496933	-7231.134429	2828.231166	0.9432153296	0.805606442
27900	2141.657731	12.88991406	12.88991406	12.88991406	-7379.432879	2715.342673	0.9055670078	0.9367928942
28000	2124.519025	12.8554379	12.8554379	12.8554379	-7496.127101	2545.574869	0.8489494312	0.7845243491
28100	2103.078309	12.81204577	12.81204577	12.81204577	-7641.058493	2408.725101	0.803310022	0.7281535285
28200	2055.351974	12.71438627	12.71438627	12.71438627	-7875.683487	2376.635645	0.7926081858	0.6349801567
28300	1981.889091	12.5610646	12.5610646	12.5610646	-8092.188008	2358.979819	0.7867199664	1.105219051
28400	1954.599522	12.50314486	12.50314486	12.50314486	-8266.60012	2282.284533	0.7611420819	1.017285332
28500	1961.644331	12.51814821	12.51814821	12.51814821	-8341.791947	2101.204293	0.7007518068	0.6847328629
28600	1934.204494	12.45950521	12.45950521	12.45950521	-8512.54767	2055.203756	0.685410624	0.6851909086
28700	1881.150485	12.34452868	12.34452868	12.34452868	-8712.774605	2076.54617	0.6925283208	0.9936701244
28800	1862.020722	12.30254144	12.30254144	12.30254144	-8843.458586	2029.084302	0.6766997839	0.9786906043
28900	1868.988478	12.31786787	12.31786787	12.31786787	-8914.90196	1928.027371	0.6429972891	0.5880524759
29000	1848.123343	12.27185789	12.27185789	12.27185789	-9034.871753	1913.581312	0.6381795272	0.7316585574
29100	1812.312107	12.19207608	12.19207608	12.19207608	-9104.24453	1883.887468	0.6282766277	1.225203234
29200	1814.305727	12.19654504	12.19654504	12.19654504	-9184.446753	1866.755564	0.6225631362	0.8568869949
29300	1826.454481	12.22370755	12.22370755	12.22370755	-9175.865161	1778.95548	0.5932818009	0.6620879347
29400	1811.664347	12.19062333	12.19062333	12.19062333	-9234.460861	1797.614997	0.5995047512	0.80960924
29500	1794.823139	12.15273105	12.15273105	12.15273105	-9325.360701	1874.751496	0.6252297801	0.9555753983
29600	1800.557254	12.16565917	12.16565917	12.16565917	-9361.050916	1907.032776	0.6359955899	0.6834275316
29700	1808.729736	12.18403748	12.18403748	12.18403748	-9287.738184	1849.867659	0.6169310184	0.8368269275
29800	1815.66647	12.19959344	12.19959344	12.19959344	-9231.837672	1835.801157	0.6122398388	0.912091334
29900	1823.64747	12.21744229	12.21744229	12.21744229	-9254.285825	1923.942562	0.6416350049	0.7127675635
30000	1829.640645	12.23081132	12.23081132	12.23081132	-9182.980415	1939.818195	0.6469295298	0.8327516806
30100	1840.818441	12.25566794	12.25566794	12.25566794	-9116.867255	1982.701742	0.6612311961	0.8246968899
30200	1851.891985	12.28019371	12.28019371	12.28019371	-9056.17171	2053.788964	0.6849387907	0.7644560888
30300	1867.510222	12.31461946	12.31461946	12.31461946	-8884.153749	2029.317106	0.6767774239	0.9430962402
30400	1891.427954	12.36696887	12.36696887	12.36696887	-8801.613012	2106.483483	0.7025124174	0.8133378211
30500	1917.912226	12.42442339	12.42442339	12.42442339	-8728.621283	2215.653413	0.738920598	0.6048137409
30600	1935.745818	12.4628139	12.4628139	12.4628139	-8566.14808	2254.393465	0.7518404087	0.9082140388
30700	1955.129726	12.50427529	12.50427529	12.50427529	-8412.158035	2314.756821	0.7719715927	1.02202963
30800	1998.658941	12.59639382	12.59639382	12.59639382	-8281.497146	2392.053135	0.7977499201	0.7719957901
30900	2036.976822	12.67638329	12.67638329	12.67638329	-8118.952905	2452.598023	0.817941645	0.6412289205
31000	2049.462202	12.70222996	12.70222996	12.70222996	-8031.276301	2601.841094	0.8677142218	0.7170096273
31100	2068.176404	12.74077539	12.74077539	12.74077539	-7862.925909	2666.528395	0.889287442	1.042608342
31200	2126.519045	12.85947067	12.85947067	12.85947067	-7665.929509	2670.079873	0.8904718604	0.7882285296
31300	2172.210218	12.9509199	12.9509199	12.9509199	-7512.75688	2713.473868	0.9049437611	0.5933357044
31400	2191.187278	12.98852494	12.98852494	12.98852494	-7413.808186	2807.183525	0.9361959395	0.8023600489
31500	2207.021545	13.01973638	13.01973638	13.01973638	-7357.154059	2926.039642	0.9758344645	0.8010884745
31600	2232.907529	13.07044115	13.07044115	13.07044115	-7208.446026	2913.439002	0.9716321501	0.8994406407
31700	2274.651441	13.15138885	13.15138885	13.15138885	-7124.40942	2923.8097	0.9750907788	0.6574503664
31800	2282.576359	13.16664435	13.16664435	13.16664435	-7050.510672	2931.215192	0.977560511	0.7819046541
31900	2263.813164	13.13046764	13.13046764	13.13046764	-7063.1047	3000.517925	1.000672978	0.8995077874
32000	2250.834398	13.10532658	13.10532658	13.10532658	-7092.257635	3042.077874	1.014533225	0.9672851585
32100	2270.409729	13.14320897	13.14320897	13.14320897	-7078.324428	2973.15501	0.9915474436	0.812843785
32200	2294.152426	13.18886501	13.18886501	13.18886501	-7041.374485	2844.94273	0.9487886376	0.5154473002
32300	2268.992339	13.14047335	13.14047335	13.14047335	-7128.247648	2837.461233	0.9462935579	0.7059874694
32400	2225.086369	13.05516277	13.05516277	13.05516277	-7206.43244	2808.045954	0.9364835598	0.8983873628
32500	2184.327487	12.97495669	12.97495669	12.97495669	-7365.000195	2827.683164	0.943032571	0.852708631
32600	2153.577524	12.91378356	12.91378356	12.91378356	-7501.974353	2794.606203	0.9320014017	0.7857918477
32700	2133.594012	12.87371611	12.87371611	12.87371611	-7596.442702	2695.382874	0.8989104132	0.7774906001
32800	2125.180966	12.8567729	12.8567729	12.8567729	-7666.232517	2552.76537	0.8513474637	0.6882153006
32900	2097.050942	12.79979439	12.79979439	12.79979439	-7797.146111	2479.813207	0.8270179111	0.6816199213
33000	2050.410946	12.70418971	12.70418971	12.70418971	-7994.972221	2484.908441	0.8287171724	0.8111088884
33100	2016.697909	12.63417678	12.63417678	12.63417678	-8131.344672	2420.759157	0.8073233806	0.8686743342
33200	1995.837831	12.59046442	12.59046442	12.59046442	-8256.531948	2342.439647	0.7812038175	0.8018566856
33300	1970.359979	12.53666033	12.53666033	12.53666033	-8437.050435	2327.332752	0.7761656669	0.7137939712
33400	1945.549993	12.48381905	12.48381905	12.48381905	-8569.146219	2273.245417	0.7581275363	0.824311732
33500	1925.587468	12.44097499	12.44097499	12.44097499	-8659.249785	2188.784698	0.7299598791	0.7428069145
33600	1906.424872	12.3995683	12.3995683	12.3995683	-8816.317373	2184.145203	0.7284126074	0.7867464999
33700	1889.984969	12.36382312	12.36382312	12.36382312	-8871.301203	2090.502509	0.6971827609	0.8344360332
33800	1877.485106	12.33650579	12.33650579	12.33650579	-8975.698436	2063.119742	0.6880506061	0.7874291121
33900	1868.247556	12.31623994	12.31623994	12.31623994	-9021.541074	1993.57222	0.6648565015	0.9048748294
34000	1859.712021	12.29745474	12.29745474	12.29745474	-9101.694667	1977.654655	0.6595479924	0.7819840761
34100	1847.511247	12.27050293	12.27050293	12.27050293	-9161.298304	1962.298018	0.6544265527	0.7732129213
34200	1831.839104	12.23570812	12.23570812	12.23570812	-9283.676497	2033.949125	0.6783222027	0.7625644391
34300	1831.147754	12.23416865	12.23416865	12.23416865	-9282.478516	1989.977743	0.6636577432	0.7508601182
34400	1835.089515	12.24294085	12.24294085	12.24294085	-9243.411162	1928.517362	0.6431607009	0.7899138282
34500	1831.273835	12.23444943	12.23444943	12.23444943	-9237.036498	1922.801237	0.6412543728	1.037033908
34600	1841.399618	12.25695758	12.25695758	12.25695758	-9255.918024	1953.660762	0.6515460272	0.7357725848
34700	1846.180226	12.26755551	12.26755551	12.26755551	-9204.474434	1939.856431	0.6469422815	0.7387880208
34800	1842.05952	12.25842158	12.25842158	12.25842158	-9262.837107	2058.747799	0.6865925626	0.7216809092
34900	1850.432262	12.2769663	12.2769663	12.2769663	-9184.169575	2053.5346	0.6848539602	0.8825308419
35000	1877.216353	12.33591712	12.33591712	12.33591712	-9073.578574	2026.104142	0.6757059001	0.6744249089
35100	1883.467639	12.34959516	12.34959516	12.34959516	-8987.031724	2052.370419	0.684465706	0.9054178536
35200	1886.366139	12.35592691	12.35592691	12.35592691	-9012.750048	2209.753721	0.7369530502	0.7188170564
35300	1899.329163	12.38416545	12.38416545	12.38416545	-8895.470851	2235.978838	0.7456991289	0.8813679555
35400	1924.633839	12.43892089	12.43892089	12.43892089	-8775.479145	2262.475533	0.754535779	0.8892222564
35500	1956.688428	12.50759736	12.50759736	12.50759736	-8611.961071	2256.135464	0.7524213652	0.754329501
35600	1976.089401	12.54879996	12.54879996	12.54879996	-8536.505591	2351.892127	0.7843562205	0.7562361873
35700	1991.63132	12.5816128	12.5816128	12.5816128	-8420.715351	2416.038327	0.8057489835	0.8164881599
35800	2013.452634	12.62739616	12.62739616	12.62739616	-8319.981836	2499.026989	0.8334257091	0.8117979403
35900	2036.599134	12.67559978	12.67559978	12.67559978	-8149.542671	2509.957839	0.8370711487	1.035267807
36000	2072.701327	12.75006039	12.75006039	12.75006039	-8058.165	2585.415178	0.8622361773	0.7044253401
36100	2092.00508	12.78951999	12.78951999	12.78951999	-7951.555825	2647.517311	0.8829472441	0.8583090402
36200	2117.837739	12.84194762	12.84194762	12.84194762	-7828.369023	2677.664836	0.8930014461	0.7346430458
36300	2132.796035	12.87211096	12.87211096	12.87211096	-7777.617967	2770.181662	0.9238558153	0.6921767647
36400	2146.518683	12.89965883	12.89965883	12.89965883	-7742.559838	2860.718608	0.9540498942	0.7748747078
36500	2180.234246	12.96684698	12.96684698	12.96684698	-7557.579404	2766.943096	0.9227757532	0.6899470852
36600	2190.871614	12.9879012	12.9879012	12.9879012	-7533.020926	2821.511637	0.9409743663	0.7295445027
36700	2187.818131	12.98186452	12.98186452	12.98186452	-7518.003279	2867.256809	0.956230385	0.8350007511
36800	2199.283666	13.00450271	13.00450271	13.00450271	-7443.44564	2814.392208	0.938600036	0.8068761852
36900	2209.247541	13.02411214	13.02411214	13.02411214	-7439.327178	2807.348208	0.9362508615	0.6563369798
37000	2190.779997	12.98772015	12.98772015	12.98772015	-7470.538907	2824.046341	0.9418196901	0.7718674879
37100	2169.485346	12.94550232	12.94550232	12.94550232	-7507.390132	2823.652048	0.9416881933	0.9718227395
37200	2177.435109	12.96129535	12.96129535	12.96129535	-7526.75349	2759.616825	0.9203324414	0.7555958912
37300	2184.935022	12.97615951	12.97615951	12.97615951	-7567.953123	2699.015705	0.9001219626	0.515840825
37400	2151.613214	12.90985609	12.90985609	12.90985609	-7613.120542	2645.669388	0.8823309616	0.8992003094
37500	2115.007749	12.836225	12.836225	12.836225	-7759.918902	2685.729295	0.8956909437	0.9541053487
37600	2102.150126	12.81016065	12.81016065	12.81016065	-7834.60925	2618.38997	0.8732332734	0.8234069799
37700	2094.938773	12.79549559	12.79549559	12.79549559	-7949.736765	2578.542671	0.8599441957	0.5789537829
37800	2072.607031	12.74986704	12.74986704	12.74986704	-7972.619461	2452.509832	0.8179122334	0.7619572244
37900	2037.295299	12.6770439	12.6770439	12.6770439	-8124.888322	2457.945362	0.8197249833	0.7941826802
38000	2005.9398	12.61167097	12.61167097	12.61167097	-8256.71786	2442.022884	0.8144148353	0.9319163635
38100	1990.432206	12.57908727	12.57908727	12.57908727	-8368.451063	2395.11815	0.7987721028	0.860753762
38200	1979.607832	12.55624326	12.55624326	12.55624326	-8425.043769	2294.810275	0.765319418	0.8091279097
38300	1961.619809	12.51809605	12.51809605	12.51809605	-8559.242378	2283.069133	0.7614037464	0.7955594846
38400	1936.067464	12.46350414	12.46350414	12.46350414	-8729.294189	2318.600197	0.7732533592	0.7412964836
38500	1923.423268	12.43631237	12.43631237	12.43631237	-8745.490395	2202.950516	0.7346841808	0.8301270893
38600	1916.708784	12.42182417	12.42182417	12.42182417	-8776.603991	2108.770292	0.7032750681	0.8139962776
38700	1902.400624	12.39083746	12.39083746	12.39083746	-8927.144241	2153.480414	0.7181858976	0.7526826098
38800	1889.259078	12.36224005	12.36224005	12.36224005	-8969.44495	2106.480669	0.7025114787	0.8694220056
38900	1875.159969	12.33141104	12.33141104	12.33141104	-9020.725276	2080.168564	0.6937363896	0.9191565989
39000	1870.882595	12.32202763	12.32202763	12.32202763	-9094.798949	2087.726559	0.6962569814	0.9326381911
39100	1874.512974	12.32999263	12.32999263	12.32999263	-9158.140967	2092.662678	0.6979031776	0.5542895468
39200	1865.654258	12.31053861	12.31053861	12.31053861	-9130.292445	2033.584392	0.6782005641	0.8464218172
39300	1859.002294	12.29589017	12.29589017	12.29589017	-9203.123011	2089.634153	0.6968931643	0.8383026303
39400	1858.622951	12.29505376	12.29505376	12.29505376	-9220.488948	2099.280723	0.7001102962	0.8296919538
39500	1867.302677	12.31416325	12.31416325	12.31416325	-9163.311403	2043.78227	0.6816015576	0.8188776316
39600	1871.391883	12.32314562	12.32314562	12.32314562	-9146.272954	2047.252784	0.682758974	0.8174180882
39700	1871.502766	12.323389	12.323389	12.323389	-9174.752122	2115.806295	0.7056215758	0.6972180005
39800	1874.562349	12.33010088	12.33010088	12.33010088	-9114.066039	2107.963473	0.7030059939	0.9381777798
39900	1894.06943	12.37272323	12.37272323	12.37272323	-9093.98196	2145.11499	0.715396028	0.6440472286
40000	1899.08362	12.38363176	12.38363176	12.38363176	-9006.317906	2137.75069	0.7129400332	0.7575549879
40100	1897.734233	12.38069802	12.38069802	12.38069802	-8997.773053	2227.001636	0.7427052314	0.8614406554
40200	1911.731395	12.41106235	12.41106235	12.41106235	-8919.694157	2248.918891	0.7500146378	0.7773284858
40300	1933.415979	12.45781186	12.45781186	12.45781186	-8808.953122	2244.644852	0.7485892452	0.7892259636
40400	1951.520451	12.49657602	12.49657602	12.49657602	-8755.61095	2310.666949	0.7706076202	0.7422348366
40500	1960.778634	12.51630647	12.51630647	12.51630647	-8684.730382	2369.097817	0.7900943195	0.7459180325
40600	1972.582321	12.54137187	12.54137187	12.54137187	-8537.279808	2355.407279	0.7855285239	0.9660300758
40700	1992.45073	12.58333804	12.58333804	12.58333804	-8504.66843	2452.764978	0.8179973247	0.7370974053
40800	2005.306174	12.61034293	12.61034293	12.61034293	-8433.311578	2517.233926	0.8394977243	0.7288587543
40900	2019.835727	12.64072597	12.64072597	12.64072597	-8286.62887	2499.042206	0.833430784	0.9409829321
41000	2047.013682	12.69716944	12.69716944	12.69716944	-8227.337096	2559.117912	0.853466037	0.7250326628
41100	2062.720231	12.72956147	12.72956147	12.72956147	-8147.74483	2596.958247	0.8660857918	0.7333456967
41200	2068.359789	12.74115196	12.74115196	12.74115196	-8030.476273	2592.146378	0.8644810333	1.030370034
41300	2098.111202	12.8019512	12.8019512	12.8019512	-8000.362455	2649.336667	0.8835539993	0.7895310747
41400	2126.445852	12.85932313	12.85932313	12.85932313	-7921.374877	2642.541589	0.8812878402	0.5537917605
41500	2122.865022	12.85210092	12.85210092	12.85210092	-7921.223151	2718.616374	0.9066587873	0.6774467812
41600	2101.728383	12.80930391	12.80930391	12.80930391	-7869.447418	2742.718787	0.914696944	1.012092814
41700	2116.818389	12.83988695	12.83988695	12.83988695	-7813.185567	2712.8872	0.9047481073	0.9568581786
41800	2147.518093	12.90166053	12.90166053	12.90166053	-7762.055341	2659.395262	0.8869085415	0.6795308417
41900	2154.146985	12.91492171	12.91492171	12.91492171	-7768.700915	2660.482174	0.887271027	0.6038857999
42000	2123.162559	12.85270133	12.85270133	12.85270133	-7806.056811	2694.889992	0.8987460371	0.8944679626
42100	2100.675865	12.80716531	12.80716531	12.80716531	-7870.601609	2734.984767	0.9121176479	0.902558666
42200	2104.892236	12.81572822	12.81572822	12.81572822	-7842.898754	2647.305136	0.8828764834	0.8437816921
42300	2119.637469	12.84558427	12.84558427	12.84558427	-7876.877393	2599.428542	0.8669096354	0.5509883347
42400	2098.960129	12.80367759	12.80367759	12.80367759	-7964.471251	2612.896944	0.8714013487	0.6489231729
42500	2062.006273	12.72809263	12.72809263	12.72809263	-8049.853793	2624.763377	0.875358805	0.9334555686
42600	2054.641163	12.71292041	12.71292041	12.71292041	-8112.546478	2587.007416	0.8627671889	0.8274764412
42700	2059.839268	12.72363233	12.72363233	12.72363233	-8160.810713	2515.167211	0.8388084747	0.5775373594
42800	2039.540316	12.68169872	12.68169872	12.68169872	-8194.220505	2438.978733	0.8133996107	0.7904642683
42900	2016.445424	12.6336495	12.6336495	12.6336495	-8347.653824	2487.318231	0.8295208374	0.8320130452
43000	2010.843864	12.62194016	12.62194016	12.62194016	-8408.032469	2427.69459	0.8096363482	0.7681856331
43100	1997.611473	12.59419291	12.59419291	12.59419291	-8484.124816	2386.032851	0.7957421547	0.6915835016
43200	1970.824303	12.53764503	12.53764503	12.53764503	-8550.893962	2348.265096	0.7831466053	0.9928729668
43300	1954.004579	12.50187615	12.50187615	12.50187615	-8651.241649	2339.996775	0.7803891196	0.949103119
43400	1957.617864	12.50957744	12.50957744	12.50957744	-8702.467883	2275.498119	0.7588788124	0.6604876657
43500	1948.593524	12.49032537	12.49032537	12.49032537	-8761.507481	2236.165919	0.7457615206	0.6935898705
43600	1925.038249	12.43979206	12.43979206	12.43979206	-8854.304698	2244.904909	0.7486759743	0.8046740807
43700	1909.898158	12.40709392	12.40709392	12.40709392	-8907.136449	2220.091785	0.7404007953	0.9572703324
43800	1913.718996	12.41536206	12.41536206	12.41536206	-8982.260598	2215.321	0.7388097381	0.787402069
43900	1910.316701	12.40800017	12.40800017	12.40800017	-9026.662811	2193.761325	0.7316195849	0.731005186
44000	1899.657292	12.38487858	12.38487858	12.38487858	-8980.698955	2098.690709	0.6999135263	0.8911371263
44100	1890.565314	12.36508849	12.36508849	12.36508849	-9105.462958	2184.239146	0.7284439374	0.8128902906
44200	1892.122964	12.36848345	12.36848345	12.36848345	-9049.605558	2098.55306	0.6998676206	0.8808095918
44300	1894.159094	12.37291847	12.37291847	12.37291847	-9074.419825	2105.792852	0.7022820916	0.7741582703
44400	1890.992769	12.36602033	12.36602033	12.36602033	-9095.045603	2126.336684	0.7091334613	0.8493237597
44500	1891.866443	12.36792448	12.36792448	12.36792448	-9134.529307	2174.647375	0.7252450809	0.7715313175
44600	1897.303932	12.37976219	12.37976219	12.37976219	-9127.997812	2187.127641	0.7294072506	0.7131389406
44700	1899.232664	12.38395572	12.38395572	12.38395572	-9039.899248	2133.114657	0.711393916	0.8557666467
44800	1900.611374	12.38695162	12.38695162	12.38695162	-9053.128198	2191.364237	0.7308201556	0.8452721186
44900	1905.893422	12.39841599	12.39841599	12.39841599	-9033.897775	2227.094617	0.7427362406	0.7968680571
45000	1915.663603	12.41956589	12.41956589	12.41956589	-8987.318921	2242.796712	0.7479728906	0.7272631624
45100	1921.136424	12.43138172	12.43138172	12.43138172	-8888.608965	2218.621076	0.7399103138	0.7928084447
45200	1924.119871	12.43781353	12.43781353	12.43781353	-8896.783491	2308.248072	0.7698009243	0.7972318745
45300	1936.378014	12.46417049	12.46417049	12.46417049	-8816.336464	2310.497885	0.7705512373	0.9371908778
45400	1962.227181	12.5193879	12.5193879	12.5193879	-8765.271351	2340.386893	0.7805192238	0.7362169177
45500	1974.921878	12.54632809	12.54632809	12.54632809	-8697.716714	2366.98437	0.7893894849	0.7134661932
45600	1980.362919	12.55783952	12.55783952	12.55783952	-8591.87439	2359.85439	0.7870116357	0.9641142621
45700	1992.925581	12.5843376	12.5843376	12.5843376	-8591.788562	2458.502645	0.8199108369	0.6519655482
45800	1996.767981	12.59242002	12.59242002	12.59242002	-8503.829874	2470.259318	0.8238316884	0.8379531209
45900	2006.273317	12.61236989	12.61236989	12.61236989	-8475.944114	2539.416655	0.846895666	0.8169747649
46000	2024.056426	12.64952463	12.64952463	12.64952463	-8387.553467	2534.203615	0.845157117	0.8304042658
46100	2046.681718	12.69648304	12.69648304	12.69648304	-8308.293316	2529.310713	0.8435253336	0.7998497846
46200	2059.077506	12.72206367	12.72206367	12.72206367	-8208.023499	2502.478594	0.8345768199	0.8617201212
46300	2067.359148	12.73909697	12.73909697	12.73909697	-8179.527507	2539.635158	0.8469685369	0.7326857095
46400	2063.776819	12.73173459	12.73173459	12.73173459	-8168.497633	2591.306648	0.864200983	0.7810462636
46500	2048.90456	12.7010778	12.7010778	12.7010778	-8168.114785	2652.170933	0.8844992272	1.105641721
46600	2069.484497	12.74346095	12.74346095	12.74346095	-8133.346738	2637.307274	0.8795421959	0.8459155564
46700	2097.235766	12.80017042	12.80017042	12.80017042	-8023.881778	2532.835817	0.8447009561	0.7049404294
46800	2089.171954	12.78374392	12.78374392	12.78374392	-8022.566564	2543.035272	0.8481024751	0.7553388271
46900	2063.745469	12.73167012	12.73167012	12.73167012	-8120.549712	2651.170063	0.8841654372	0.9382009393
47000	2063.284048	12.73072119	12.73072119	12.73072119	-8185.920604	2696.042206	0.8991303004	0.7708197933
47100	2072.387145	12.74941614	12.74941614	12.74941614	-8136.251936	2607.178888	0.8694943766	0.7053952288
47200	2067.22203	12.73881532	12.73881532	12.73881532	-8148.412943	2574.573356	0.8586204289	0.7316274114
47300	2055.998568	12.71571941	12.71571941	12.71571941	-8226.795708	2602.878225	0.8680601049	0.7662201945
47400	2050.187292	12.70372778	12.70372778	12.70372778	-8254.363604	2564.201615	0.8551614524	0.7706206804
47500	2037.474444	12.67741547	12.67741547	12.67741547	-8300.005852	2539.03143	0.8467671938	0.8070769056
47600	2024.315867	12.65006508	12.65006508	12.65006508	-8347.896607	2508.368814	0.8365412085	0.8668670271
47700	2017.638575	12.63614083	12.63614083	12.63614083	-8401.725374	2475.28072	0.8255063265	0.7823432304
47800	2005.556419	12.61086746	12.61086746	12.61086746	-8445.392847	2430.066089	0.8104272433	0.8830467865
47900	1998.461798	12.59597965	12.59597965	12.59597965	-8538.38642	2432.70937	0.8113087778	0.7628176017
48000	1990.995761	12.58027434	12.58027434	12.58027434	-8578.167699	2380.115321	0.793768658	0.7724064333
48100	1976.693439	12.55007844	12.55007844	12.55007844	-8628.114543	2341.663853	0.7809450904	0.7649540081
48200	1956.563662	12.50733151	12.50733151	12.50733151	-8682.386218	2316.463888	0.7725408996	0.9291870529
48300	1951.602356	12.49675085	12.49675085	12.49675085	-8726.135724	2275.658842	0.7589324135	0.9401661691
48400	1957.061145	12.50839147	12.50839147	12.50839147	-8791.455504	2258.720595	0.7532835066	0.6643535336
48500	1941.603736	12.47537281	12.47537281	12.47537281	-8845.918307	2246.321083	0.7491482683	0.7136628984
48600	1912.227069	12.4121349	12.4121349	12.4121349	-8948.169539	2299.751462	0.7669673045	0.9837760837
48700	1913.855379	12.41565699	12.41565699	12.41565699	-8952.20206	2241.936037	0.7476858551	1.026235486
48800	1944.69913	12.4819989	12.4819989	12.4819989	-8971.622731	2195.389545	0.7321625965	0.369796979
48900	1927.402843	12.4448834	12.4448834	12.4448834	-9005.98043	2197.443284	0.7328475185	0.6244872879
49000	1888.292842	12.36013219	12.36013219	12.36013219	-9063.072228	2247.884326	0.7496696101	1.049358066
49100	1886.533872	12.35629312	12.35629312	12.35629312	-9146.984071	2311.708802	0.7709550783	0.8837744655
49200	1915.100608	12.41834911	12.41834911	12.41834911	-9031.897358	2164.011866	0.7216981379	0.6981854037
49300	1918.773993	12.42628398	12.42628398	12.42628398	-9037.015696	2165.833761	0.7223057399	0.7189034923
49400	1902.631211	12.39133806	12.39133806	12.39133806	-9088.757119	2231.849398	0.7443219603	0.8554413749
49500	1894.709471	12.37411673	12.37411673	12.37411673	-9113.056739	2278.219241	0.7597863067	0.8627180624
49600	1912.042843	12.41173629	12.41173629	12.41173629	-9056.67669	2234.676011	0.7452646359	0.7416989254
49700	1931.625296	12.45396463	12.45396463	12.45396463	-8983.280559	2185.894898	0.7289961308	0.4896405473
49800	1914.537879	12.41713266	12.41713266	12.41713266	-8984.422265	2239.569385	0.7468965768	0.920573418
49900	1905.538568	12.39764647	12.39764647	12.39764647	-8997.21621	2313.520699	0.771559346	1.051421499
50000	1931.874603	12.4545004	12.4545004	12.4545004	-8959.68759	2320.693249	0.773951392	0.6853195606
50100	1950.312351	12.4939968	12.4939968	12.4939968	-8875.831818	2289.927281	0.7636909392	0.7107482733
50200	1957.619246	12.50958038	12.50958038	12.50958038	-8855.364014	2334.967348	0.7787118052	0.6285362897
50300	1952.204443	12.49803584	12.49803584	12.49803584	-8772.558552	2330.833549	0.7773331831	0.9309778019
50400	1963.033823	12.52110318	12.52110318	12.52110318	-8731.671288	2362.28793	0.7878232218	0.8563523342
50500	1980.291137	12.55768778	12.55768778	12.55768778	-8700.922015	2401.985063	0.8010622187	0.789836604
50600	1994.5734	12.58780503	12.58780503	12.58780503	-8635.386897	2410.104535	0.8037700634	0.720006747
50700	2002.42924	12.60430952	12.60430952	12.60430952	-8570.45422	2423.866717	0.8083597524	0.8340490153
50800	2002.23975	12.60391192	12.60391192	12.60391192	-8610.877798	2546.190695	0.8491548092	0.6822710029
50900	2006.850555	12.61357937	12.61357937	12.61357937	-8507.486002	2516.400651	0.8392198268	0.9294477604
51000	2030.375839	12.66267554	12.66267554	12.66267554	-8439.413722	2504.478763	0.8352438761	0.6642727256
51100	2042.822126	12.68849709	12.68849709	12.68849709	-8404.835697	2526.440883	0.842568245	0.7031364038
51200	2037.268809	12.67698896	12.67698896	12.67698896	-8357.174113	2539.02258	0.8467642422	0.8022943709
51300	2028.052545	12.65784386	12.65784386	12.65784386	-8397.128425	2633.472407	0.8782632672	0.8613700502
51400	2039.850487	12.68234156	12.68234156	12.68234156	-8352.294631	2618.085692	0.8731317966	0.7673862086
51500	2056.847869	12.71747006	12.71747006	12.71747006	-8313.075836	2593.186163	0.8648278015	0.685808756
51600	2060.778063	12.72556502	12.72556502	12.72556502	-8267.961	2561.735012	0.8543388401	0.7381537075
51700	2053.257685	12.71006639	12.71006639	12.71006639	-8272.736387	2573.33309	0.8582068001	0.8772157504
51800	2054.84818	12.71334737	12.71334737	12.71334737	-8294.500951	2587.469315	0.8629212323	0.7331791779
51900	2060.770309	12.72554906	12.72554906	12.72554906	-8285.800414	2558.8997	0.8533932632	0.706519372
52000	2051.799725	12.70705732	12.70705732	12.70705732	-8287.081004	2539.654164	0.8469748754	0.7792164768
52100	2038.074801	12.67866051	12.67866051	12.67866051	-8333.938785	2558.564122	0.853281348	0.7711646957
52200	2030.104591	12.66211162	12.66211162	12.66211162	-8375.365624	2562.728251	0.8546700854	0.8275211629
52300	2029.412672	12.66067292	12.66067292	12.66067292	-8374.181775	2510.642087	0.8372993453	0.6526499995
52400	2017.219514	12.63526593	12.63526593	12.63526593	-8443.908121	2529.614992	0.8436268108	0.7770271939
52500	2006.245637	12.61231189	12.61231189	12.61231189	-8427.274647	2454.951745	0.8187266117	0.8980067921
52600	2007.435299	12.61480434	12.61480434	12.61480434	-8497.070688	2455.556191	0.8189281945	0.7245338883
52700	2006.765876	12.61340196	12.61340196	12.61340196	-8508.831311	2400.177667	0.8004594522	0.6322167661
52800	1988.584975	12.5751947	12.5751947	12.5751947	-8557.284363	2388.876207	0.7966904141	0.8643373077
52900	1974.225916	12.54485414	12.54485414	12.54485414	-8604.431792	2375.302536	0.7921635937	1.108857569
53000	1992.240453	12.58289535	12.58289535	12.58289535	-8639.675843	2332.627142	0.7779313464	0.6132551385
53100	1979.65417	12.55634123	12.55634123	12.55634123	-8688.026286	2323.434716	0.7748656715	0.6654971026
53200	1950.616059	12.4946453	12.4946453	12.4946453	-8798.102201	2390.544627	0.7972468324	0.8507971843
53300	1943.867777	12.48021997	12.48021997	12.48021997	-8856.171151	2395.494396	0.7988975807	0.7512831618
53400	1955.047072	12.50409907	12.50409907	12.50409907	-8806.729908	2282.746725	0.761296223	0.8134706174
53500	1965.135953	12.52557102	12.52557102	12.52557102	-8804.399585	2228.182768	0.7430991388	0.6522991536
53600	1945.183326	12.48303475	12.48303475	12.48303475	-8911.780363	2306.584787	0.7692462188	0.7725633225
53700	1926.088963	12.44205493	12.44205493	12.44205493	-8920.848509	2292.855077	0.7646673593	0.9150427057
53800	1924.128671	12.43783249	12.43783249	12.43783249	-8955.04751	2299.734253	0.766961565	0.9233326851
53900	1939.08884	12.46998417	12.46998417	12.46998417	-9004.499742	2318.549713	0.7732365225	0.5841871847
54000	1936.887562	12.46526369	12.46526369	12.46526369	-8943.169488	2242.037918	0.7477198325	0.7916689681
54100	1929.397623	12.44917522	12.44917522	12.44917522	-8994.916087	2287.972418	0.7630389922	0.776084249
54200	1919.073858	12.42693127	12.42693127	12.42693127	-9001.670609	2297.453413	0.7662009048	0.9586703948
54300	1921.271599	12.43167327	12.43167327	12.43167327	-9052.56746	2348.204544	0.7831264112	0.8325614053
54400	1936.962328	12.46542408	12.46542408	12.46542408	-9009.585484	2301.50543	0.7675522528	0.6480525179
54500	1941.442637	12.47502777	12.47502777	12.47502777	-8957.98359	2260.098081	0.7537428984	0.647175339
54600	1924.569144	12.43878151	12.43878151	12.43878151	-8963.307616	2293.090621	0.7647459133	0.9886795101
54700	1935.074961	12.46137402	12.46137402	12.46137402	-8992.281357	2338.181794	0.7797838234	0.8010149104
54800	1956.552158	12.507307	12.507307	12.507307	-8906.894595	2272.69665	0.7579445223	0.5706756602
54900	1949.593619	12.49246184	12.49246184	12.49246184	-8876.953807	2281.773184	0.7609715473	0.8226996402
55000	1943.736593	12.47993922	12.47993922	12.47993922	-8911.859869	2359.91832	0.7870329564	1.007321227
55100	1965.330108	12.52598352	12.52598352	12.52598352	-8836.872131	2319.567951	0.7735761051	0.6214617376
55200	1963.742942	12.52261069	12.52261069	12.52261069	-8810.197487	2342.498355	0.7812233966	0.7850496688
55300	1948.46735	12.49005577	12.49005577	12.49005577	-8845.919173	2438.825459	0.813348494	1.050736875
55400	1969.056804	12.53389585	12.53389585	12.53389585	-8776.267652	2406.96121	0.8027217641	0.7975352661
55500	1993.534617	12.58561939	12.58561939	12.58561939	-8661.166424	2329.51885	0.7768947308	0.6196984728
55600	1983.932559	12.56538023	12.56538023	12.56538023	-8667.86574	2393.398466	0.7981985879	0.9275663456
55700	1976.07577	12.54877111	12.54877111	12.54877111	-8713.406178	2493.366231	0.8315378459	0.8744277428
55800	1985.115598	12.56787736	12.56787736	12.56787736	-8687.4308	2507.600787	0.8362850716	0.9224403295
55900	2013.531466	12.62756096	12.62756096	12.62756096	-8573.307234	2416.894496	0.806034516	0.7812160641
56000	2031.215646	12.66442115	12.66442115	12.66442115	-8522.632592	2394.881348	0.7986931292	0.6273029236
56100	2010.881376	12.62201864	12.62201864	12.62201864	-8541.543682	2458.84782	0.8200259531	0.9044101361
56200	1991.957436	12.58229948	12.58229948	12.58229948	-8572.535867	2536.158129	0.8458089475	1.037071759
56300	2009.555606	12.61924414	12.61924414	12.61924414	-8561.047168	2540.04374	0.8471047991	0.8165136867
56400	2035.606768	12.67354065	12.67354065	12.67354065	-8449.469259	2432.169048	0.8111285803	0.7485920962
56500	2046.84979	12.69683057	12.69683057	12.69683057	-8456.048091	2447.471651	0.8162319997	0.596590198
56600	2023.731035	12.64884674	12.64884674	12.64884674	-8531.352933	2545.090321	0.8487878341	0.6883587215
56700	2003.581468	12.60672662	12.60672662	12.60672662	-8595.897756	2630.549145	0.8772883592	0.8630826489
56800	2015.718257	12.63213068	12.63213068	12.63213068	-8554.772156	2577.143266	0.8594774941	0.6904554693
56900	2036.725154	12.67586122	12.67586122	12.67586122	-8483.752045	2482.526181	0.8279226884	0.6148488673
57000	2029.267331	12.66037067	12.66037067	12.66037067	-8494.491263	2477.395142	0.8262114864	0.6325386822
57100	1997.917063	12.59483509	12.59483509	12.59483509	-8557.606432	2538.288805	0.8465195282	1.048061757
57200	2008.553057	12.61714525	12.61714525	12.61714525	-8540.658277	2483.194362	0.8281455267	0.8118318339
57300	2020.552003	12.64222001	12.64222001	12.64222001	-8513.672353	2414.995989	0.8054013636	0.6846747
57400	2001.122053	12.60156622	12.60156622	12.60156622	-8579.648907	2451.486373	0.8175709099	0.8036030063
57500	1973.986113	12.5443462	12.5443462	12.5443462	-8657.854871	2504.126343	0.8351263441	1.072519924
57600	1985.142416	12.56793395	12.56793395	12.56793395	-8710.703436	2500.970759	0.8340739568	0.823981448
57700	2008.219808	12.61644742	12.61644742	12.61644742	-8617.1955	2347.794747	0.7829897438	0.5281198506
57800	1990.274248	12.57875451	12.57875451	12.57875451	-8677.451005	2367.347638	0.7895106345	0.8752835958
57900	1974.960345	12.54640955	12.54640955	12.54640955	-8783.411931	2435.251224	0.8121564863	0.8085603402
58000	1976.533879	12.54974075	12.54974075	12.54974075	-8795.665286	2400.217286	0.800472665	0.6821061195
58100	1966.23089	12.52789693	12.52789693	12.52789693	-8796.234186	2358.633326	0.786604411	0.840777473
58200	1951.168242	12.49582419	12.49582419	12.49582419	-8852.875031	2378.103537	0.7930977279	0.8721078193
58300	1948.607291	12.49035478	12.49035478	12.49035478	-8938.064468	2418.437943	0.8065492555	0.6580637302
58400	1947.278493	12.48751499	12.48751499	12.48751499	-8912.387817	2349.375519	0.7835169314	0.7238500758
58500	1947.796318	12.48862179	12.48862179	12.48862179	-8909.816352	2304.210432	0.7684543713	0.9084054733
58600	1958.180526	12.51077583	12.51077583	12.51077583	-8932.931071	2286.639176	0.7625943558	0.5254853771
58700	1939.275278	12.47038381	12.47038381	12.47038381	-8937.421016	2273.482435	0.7582065816	0.8343870524
58800	1916.802163	12.42202589	12.42202589	12.42202589	-8990.080216	2314.592348	0.7719167411	1.117830196
58900	1928.323217	12.44686398	12.44686398	12.44686398	-9020.490362	2317.382405	0.7728472254	0.8920117541
59000	1950.502452	12.49440272	12.49440272	12.49440272	-8962.159801	2235.245303	0.745454495	0.508763283
59100	1937.409711	12.46638373	12.46638373	12.46638373	-8986.77176	2257.991739	0.7530404331	0.8234038929
59200	1925.497422	12.44078106	12.44078106	12.44078106	-9037.580973	2315.801232	0.7723199038	0.8776467627
59300	1936.769042	12.46500943	12.46500943	12.46500943	-8976.055376	2254.295757	0.7518078228	0.7340826948
59400	1941.367763	12.4748674	12.4748674	12.4748674	-8983.33078	2272.049381	0.7577286579	0.6486304359
59500	1929.18499	12.44871788	12.44871788	12.44871788	-8984.991234	2299.040733	0.7667302761	1.011332394
59600	1935.664746	12.46263991	12.46263991	12.46263991	-9014.381245	2348.397392	0.7831907259	0.8174894851
59700	1958.124216	12.51065591	12.51065591	12.51065591	-8953.908245	2301.135938	0.7674290271	0.6154941817
59800	1961.547209	12.51794161	12.51794161	12.51794161	-8889.151517	2265.754281	0.7556292417	0.7528632018
59900	1947.000233	12.48692015	12.48692015	12.48692015	-8952.265077	2374.931405	0.7920398214	0.9052559284
60000	1951.250271	12.4959993	12.4959993	12.4959993	-8954.829012	2416.580491	0.8059297952	0.788422274
60100	1969.771293	12.53541168	12.53541168	12.53541168	-8846.802562	2341.561107	0.7809108243	0.7922816496
60200	1979.575584	12.55617508	12.55617508	12.55617508	-8839.716047	2374.306717	0.7918314881	0.6295166995
60300	1973.163577	12.54260359	12.54260359	12.54260359	-8814.869363	2398.276739	0.7998254924	0.7952621541
60400	1966.983946	12.52949609	12.52949609	12.52949609	-8865.077945	2498.186488	0.8331454019	0.686891224
60500	1966.066998	12.52754884	12.52754884	12.52754884	-8736.817495	2416.479954	0.805896266	1.097582215
60600	1982.911916	12.56322509	12.56322509	12.56322509	-8721.347356	2432.997261	0.8114047895	0.8153885212
60700	2004.978505	12.60965604	12.60965604	12.60965604	-8665.917888	2403.092764	0.8014316371	0.7167295155
60800	2013.112207	12.62668446	12.62668446	12.62668446	-8624.32665	2396.143667	0.7991141128	0.5618405702
60900	1987.856786	12.57365956	12.57365956	12.57365956	-8623.106208	2445.436897	0.8155534089	1.01688647
61000	1982.022315	12.56134605	12.56134605	12.56134605	-8675.341069	2539.709724	0.8469934048	0.9392649489
61100	2002.510008	12.60447898	12.60447898	12.60447898	-8580.927562	2464.240358	0.8218243648	0.8592959688
61200	2022.939679	12.6471978	12.6471978	12.6471978	-8566.035426	2461.704972	0.8209788135	0.6281259789
61300	2019.837619	12.64072992	12.64072992	12.64072992	-8557.978116	2477.698939	0.8263128028	0.6229641862
61400	1995.223002	12.58917144	12.58917144	12.58917144	-8635.689896	2587.122509	0.8628055726	0.9007539958
61500	1997.572126	12.59411022	12.59411022	12.59411022	-8535.209272	2496.406581	0.8325518031	1.042455158
61600	2022.412789	12.64609969	12.64609969	12.64609969	-8516.809508	2464.779315	0.8220041071	0.7406723
61700	2028.34611	12.65845459	12.65845459	12.65845459	-8507.97449	2450.644935	0.8172902901	0.7304712029
61800	2015.371608	12.63140651	12.63140651	12.63140651	-8517.96943	2458.288832	0.8198395304	0.910566197
61900	2003.932282	12.60746237	12.60746237	12.60746237	-8614.4059	2546.841798	0.849371952	1.020725321
