timestep	volume	lx	ly	lz	potential_energy	kinetic_energy	temperature	pressure
0	9261	21	21	21	0	0	0	0
100	9261	21	21	21	-6.909594988	388.9737704	0.3785632802	0.02651546511
200	9261	21	21	21	-35.56149541	528.6234079	0.5144753362	0.03581008331
300	9261	21	21	21	-99.41057822	606.2115809	0.5899869401	0.0378505386
400	9261	21	21	21	-130.2522384	609.4905986	0.5931781981	0.03631010569
500	9261	21	21	21	-164.0698279	656.8281419	0.6392487999	0.04163792481
600	9261	21	21	21	-194.6695673	650.6292183	0.6332157843	0.03597592106
700	9261	21	21	21	-201.0199469	642.6029563	0.625404337	0.03538361277
800	9261	21	21	21	-224.8279023	614.2894456	0.5978486088	0.03005138611
900	9261	21	21	21	-237.5282439	628.7186629	0.6118916427	0.03234059658
1000	9261	21	21	21	-248.9759598	624.1915633	0.6074857064	0.03139767663
1100	9261	21	21	21	-255.6578337	604.63622	0.5884537421	0.03424807766
1200	9261	21	21	21	-270.1651658	633.181243	0.6162347863	0.03249986453
1300	9261	21	21	21	-279.1830572	630.3118388	0.6134421788	0.03101112205
1400	9261	21	21	21	-297.2705831	621.6590281	0.605020952	0.02473558153
1500	9261	21	21	21	-296.471574	616.2191307	0.5997266479	0.0290992615
1600	9261	21	21	21	-304.2128871	639.2904474	0.6221804841	0.03578229603
1700	9261	21	21	21	-296.6182257	631.7517815	0.614843583	0.03075896815
1800	9261	21	21	21	-315.7654983	635.6742727	0.6186610926	0.03238731307
1900	9261	21	21	21	-313.5153139	648.2298128	0.6308805964	0.03099664649
2000	9261	21	21	21	-324.0941722	659.2483457	0.6416042294	0.0266735792
2100	9261	21	21	21	-330.5663431	641.6362308	0.624463485	0.03074063958
2200	9261	21	21	21	-344.591386	607.3471185	0.5910920861	0.02534083842
2300	9261	21	21	21	-331.9750191	618.2482768	0.601701486	0.02733930879
2400	9261	21	21	21	-312.6241796	568.4547415	0.5532406243	0.02268924751
2500	9261	21	21	21	-317.9365853	591.4454266	0.575615987	0.02819744894
2600	9261	21	21	21	-319.2883235	610.2710567	0.5939377681	0.03225350857
2700	9261	21	21	21	-328.9399366	609.6760768	0.5933587122	0.02354117341
2800	9261	21	21	21	-336.5316006	628.5551795	0.6117325348	0.03014712951
2900	9261	21	21	21	-344.4060321	634.9571616	0.6179631744	0.02602314475
3000	9261	21	21	21	-341.14378	618.97836	0.6024120292	0.03244608241
3100	9261	21	21	21	-337.6088429	613.246633	0.5968337061	0.02952787998
3200	9261	21	21	21	-330.3979379	610.6406416	0.5942974614	0.02998066011
3300	9261	21	21	21	-336.7757509	617.9526099	0.6014137322	0.02448009848
3400	9261	21	21	21	-344.2734714	626.839395	0.6100626715	0.02851949531
3500	9261	21	21	21	-353.816258	600.6136086	0.5845387918	0.02967786285
3600	9261	21	21	21	-373.8971232	619.607496	0.603024327	0.02785017768
3700	9261	21	21	21	-364.6729757	652.6625637	0.6351947092	0.02031211867
3800	9261	21	21	21	-364.7572684	622.8064741	0.6061376877	0.02655948659
3900	9261	21	21	21	-364.6632885	615.4206432	0.5989495311	0.03188405557
4000	9261	21	21	21	-355.4637997	624.7334202	0.6080130611	0.03150946746
4100	9261	21	21	21	-364.527874	634.977816	0.6179832759	0.02044858244
4200	9261	21	21	21	-350.1294299	603.4461215	0.5872954954	0.02850344726
4300	9261	21	21	21	-375.9426591	616.2851974	0.5997909464	0.02577732489
4400	9261	21	21	21	-369.3344076	607.5849042	0.5913235077	0.02256977647
4500	9261	21	21	21	-359.6176781	636.5753568	0.6195380601	0.03249495505
4600	9261	21	21	21	-365.5862518	604.3546377	0.5881796961	0.02670635732
4700	9261	21	21	21	-386.2493396	587.603737	0.5718771163	0.02570419208
4800	9261	21	21	21	-378.2924125	627.3454643	0.6105551964	0.02643930025
4900	9261	21	21	21	-384.8585479	608.2734214	0.5919935975	0.02414390146
5000	9261	21	21	21	-383.6355195	605.6488403	0.5894392606	0.02636267558
5100	9261	21	21	21	-391.2196	606.8613775	0.5906193455	0.01982524434
5200	9261	21	21	21	-405.2862201	596.785905	0.5808135328	0.03350335893
5300	9261	21	21	21	-402.8030554	626.6145455	0.6098438399	0.02291411338
5400	9261	21	21	21	-411.8763199	616.7413135	0.600234855	0.02760705668
5500	9261	21	21	21	-409.1540523	626.2488068	0.6094878899	0.02686754529
5600	9261	21	21	21	-399.5277948	594.7024396	0.5787858293	0.02002790803
5700	9261	21	21	21	-401.9078022	627.6671278	0.6108682509	0.02171539584
5800	9261	21	21	21	-406.4554274	630.6823441	0.6138027679	0.02820844747
5900	9261	21	21	21	-406.3180755	592.7972031	0.5769315846	0.02371624858
6000	9261	21	21	21	-402.5775806	579.7979012	0.5642801958	0.02530171697
6100	9261	21	21	21	-408.8581744	622.2483108	0.6055944631	0.02813299352
6200	9261	21	21	21	-396.608406	622.1330957	0.6054823316	0.02559545876
6300	9261	21	21	21	-400.7241901	624.2099068	0.607503559	0.02715277482
6400	9261	21	21	21	-409.1311869	632.6329501	0.6157011679	0.02460467362
6500	9261	21	21	21	-418.2329617	646.7196838	0.6294108845	0.02886915505
6600	9261	21	21	21	-412.8238003	598.6144163	0.5825931059	0.02207380928
6700	9261	21	21	21	-415.1903517	604.7010981	0.5885168838	0.03212143927
6800	9261	21	21	21	-405.8143315	625.938293	0.6091856866	0.03197124803
6900	9261	21	21	21	-422.11694	648.3729356	0.6310198887	0.02770343718
7000	9261	21	21	21	-431.3911034	625.9198936	0.6091677797	0.02975016244
7100	9261	21	21	21	-453.1001487	602.9158754	0.5867794407	0.02409226726
7200	9261	21	21	21	-442.9710657	579.5387869	0.5640280164	0.02289889513
7300	9261	21	21	21	-426.0476524	601.6747479	0.5855715308	0.01954321001
7400	9261	21	21	21	-438.2909981	623.4387645	0.6067530555	0.02589049631
7500	9261	21	21	21	-427.9826563	615.3765019	0.5989065712	0.02186543249
7600	9261	21	21	21	-422.3085106	633.3122536	0.6163622906	0.02935593074
7700	9261	21	21	21	-431.3917952	610.418517	0.5940812818	0.02152590746
7800	9261	21	21	21	-439.5042049	604.8156349	0.5886283551	0.02139835222
7900	9261	21	21	21	-423.8835081	601.6389042	0.5855366464	0.02787868537
8000	9261	21	21	21	-437.7296292	607.9594888	0.5916880669	0.02302356693
8100	9261	21	21	21	-444.994287	640.5888534	0.6234441396	0.02892252228
8200	9261	21	21	21	-454.4664917	640.6785908	0.6235314752	0.01586350311
8300	9261	21	21	21	-447.5841811	638.3898214	0.6213039624	0.02354643965
8400	9261	21	21	21	-455.7236283	662.7577553	0.6450197132	0.02728993227
8500	9261	21	21	21	-472.6310722	640.2769216	0.6231405563	0.02733248614
8600	9261	21	21	21	-434.7638824	598.1532773	0.5821443088	0.02537029639
8700	9261	21	21	21	-439.0708109	604.1324535	0.5879634584	0.02842193276
8800	9261	21	21	21	-459.639174	639.0181864	0.6219155098	0.02202440385
8900	9261	21	21	21	-444.0725205	590.5764427	0.5747702605	0.02396969732
9000	9261	21	21	21	-456.1634434	608.3832426	0.5921004794	0.02908770694
9100	9261	21	21	21	-451.7600182	645.4770722	0.6282015301	0.02144102003
9200	9261	21	21	21	-471.623919	632.9610109	0.6160204485	0.02806183092
9300	9261	21	21	21	-497.8061553	627.6920959	0.6108925508	0.02195616028
9400	9261	21	21	21	-499.338564	627.3641415	0.6105733737	0.03212880952
9500	9261	21	21	21	-492.9005873	621.5049054	0.6048709541	0.03425232765
9600	9261	21	21	21	-486.9523252	614.8444906	0.5983887986	0.02555094025
9700	9261	21	21	21	-495.4000886	623.3112874	0.6066289902	0.02295876129
9800	9261	21	21	21	-530.8465638	633.1650743	0.6162190504	0.02519289927
9900	9261	21	21	21	-512.1565179	616.1079261	0.5996184196	0.02514334017
